c:\users\julia\documents\school\tsbk03 teknik spel\tsbk03_project\openglapplication\x64\debug\vc143.pdb
c:\users\julia\documents\school\tsbk03 teknik spel\tsbk03_project\openglapplication\x64\debug\vc143.idb
c:\users\julia\documents\school\tsbk03 teknik spel\tsbk03_project\openglapplication\x64\debug\shader.obj
c:\users\julia\documents\school\tsbk03 teknik spel\tsbk03_project\openglapplication\x64\debug\main.obj
c:\users\julia\documents\school\tsbk03 teknik spel\tsbk03_project\openglapplication\x64\debug\input_controller.obj
c:\users\julia\documents\school\tsbk03 teknik spel\tsbk03_project\openglapplication\x64\debug\camera.obj
c:\users\julia\documents\school\tsbk03 teknik spel\tsbk03_project\x64\debug\openglapplication.pdb
c:\users\julia\documents\school\tsbk03 teknik spel\tsbk03_project\openglapplication\x64\debug\openglap.18a922f0.tlog\cl.command.1.tlog
c:\users\julia\documents\school\tsbk03 teknik spel\tsbk03_project\openglapplication\x64\debug\openglap.18a922f0.tlog\cl.read.1.tlog
c:\users\julia\documents\school\tsbk03 teknik spel\tsbk03_project\openglapplication\x64\debug\openglap.18a922f0.tlog\cl.write.1.tlog
c:\users\julia\documents\school\tsbk03 teknik spel\tsbk03_project\openglapplication\x64\debug\openglap.18a922f0.tlog\link-cvtres.read.1.tlog
c:\users\julia\documents\school\tsbk03 teknik spel\tsbk03_project\openglapplication\x64\debug\openglap.18a922f0.tlog\link-cvtres.write.1.tlog
c:\users\julia\documents\school\tsbk03 teknik spel\tsbk03_project\openglapplication\x64\debug\openglap.18a922f0.tlog\link-rc.read.1.tlog
c:\users\julia\documents\school\tsbk03 teknik spel\tsbk03_project\openglapplication\x64\debug\openglap.18a922f0.tlog\link-rc.write.1.tlog
c:\users\julia\documents\school\tsbk03 teknik spel\tsbk03_project\openglapplication\x64\debug\openglap.18a922f0.tlog\link.command.1.tlog
c:\users\julia\documents\school\tsbk03 teknik spel\tsbk03_project\openglapplication\x64\debug\openglap.18a922f0.tlog\link.read.1.tlog
c:\users\julia\documents\school\tsbk03 teknik spel\tsbk03_project\openglapplication\x64\debug\openglap.18a922f0.tlog\link.read.2.tlog
c:\users\julia\documents\school\tsbk03 teknik spel\tsbk03_project\openglapplication\x64\debug\openglap.18a922f0.tlog\link.read.3.tlog
c:\users\julia\documents\school\tsbk03 teknik spel\tsbk03_project\openglapplication\x64\debug\openglap.18a922f0.tlog\link.read.4.tlog
c:\users\julia\documents\school\tsbk03 teknik spel\tsbk03_project\openglapplication\x64\debug\openglap.18a922f0.tlog\link.write.1.tlog
